test http                         ... FAILED
test binary                       ... FAILED
